2018-02-04 16:12:45 Process8444:4028 Main start
2018-02-04 16:12:45 Process8444:4028 Post https://www.lagou.com/jobs/positionAjax.json?px=default&city=%E5%B9%BF%E5%B7%9E&needAddtionalResult=false&isSchoolJob=0
2018-02-04 16:12:48 Process8444:4028 Post 200 https://www.lagou.com/jobs/positionAjax.json?px=default&city=%E5%B9%BF%E5%B7%9E&needAddtionalResult=false&isSchoolJob=0
2018-02-04 16:12:48 Process8444:4028 Post https://www.lagou.com/jobs/positionAjax.json?px=default&city=%E5%B9%BF%E5%B7%9E&needAddtionalResult=false&isSchoolJob=0
2018-02-04 16:12:51 Process8444:4028 Post 200 https://www.lagou.com/jobs/positionAjax.json?px=default&city=%E5%B9%BF%E5%B7%9E&needAddtionalResult=false&isSchoolJob=0
2018-02-04 16:13:21 Process8444:4028 Post https://www.lagou.com/jobs/positionAjax.json?px=default&city=%E5%B9%BF%E5%B7%9E&needAddtionalResult=false&isSchoolJob=0
2018-02-04 16:13:23 Process8444:4028 Post 200 https://www.lagou.com/jobs/positionAjax.json?px=default&city=%E5%B9%BF%E5%B7%9E&needAddtionalResult=false&isSchoolJob=0
2018-02-04 16:13:53 Process8444:4028 Post https://www.lagou.com/jobs/positionAjax.json?px=default&city=%E5%B9%BF%E5%B7%9E&needAddtionalResult=false&isSchoolJob=0
2018-02-04 16:13:58 Process8444:4028 Post 200 https://www.lagou.com/jobs/positionAjax.json?px=default&city=%E5%B9%BF%E5%B7%9E&needAddtionalResult=false&isSchoolJob=0
2018-02-04 16:14:28 Process8444:4028 Post https://www.lagou.com/jobs/positionAjax.json?px=default&city=%E5%B9%BF%E5%B7%9E&needAddtionalResult=false&isSchoolJob=0
2018-02-04 16:14:30 Process8444:4028 Post 200 https://www.lagou.com/jobs/positionAjax.json?px=default&city=%E5%B9%BF%E5%B7%9E&needAddtionalResult=false&isSchoolJob=0
2018-02-04 16:15:00 Process8444:4028 Process start
2018-02-04 16:41:05 Process5304:220 Main start
2018-02-04 16:41:05 Process5304:220 Post https://www.lagou.com/jobs/positionAjax.json?px=default&city=%E5%B9%BF%E5%B7%9E&needAddtionalResult=false&isSchoolJob=0
2018-02-04 16:41:07 Process5304:220 Post 200 https://www.lagou.com/jobs/positionAjax.json?px=default&city=%E5%B9%BF%E5%B7%9E&needAddtionalResult=false&isSchoolJob=0
2018-02-04 16:41:07 Process5304:220 Post https://www.lagou.com/jobs/positionAjax.json?px=default&city=%E5%B9%BF%E5%B7%9E&needAddtionalResult=false&isSchoolJob=0
2018-02-04 16:41:09 Process5304:220 Post 200 https://www.lagou.com/jobs/positionAjax.json?px=default&city=%E5%B9%BF%E5%B7%9E&needAddtionalResult=false&isSchoolJob=0
2018-02-04 16:41:39 Process5304:220 Post https://www.lagou.com/jobs/positionAjax.json?px=default&city=%E5%B9%BF%E5%B7%9E&needAddtionalResult=false&isSchoolJob=0
2018-02-04 16:41:41 Process5304:220 Post 200 https://www.lagou.com/jobs/positionAjax.json?px=default&city=%E5%B9%BF%E5%B7%9E&needAddtionalResult=false&isSchoolJob=0
2018-02-04 16:42:11 Process5304:220 Post https://www.lagou.com/jobs/positionAjax.json?px=default&city=%E5%B9%BF%E5%B7%9E&needAddtionalResult=false&isSchoolJob=0
2018-02-04 16:42:13 Process5304:220 Post 200 https://www.lagou.com/jobs/positionAjax.json?px=default&city=%E5%B9%BF%E5%B7%9E&needAddtionalResult=false&isSchoolJob=0
2018-02-04 16:42:43 Process5304:220 Post https://www.lagou.com/jobs/positionAjax.json?px=default&city=%E5%B9%BF%E5%B7%9E&needAddtionalResult=false&isSchoolJob=0
2018-02-04 16:42:46 Process5304:220 Post 200 https://www.lagou.com/jobs/positionAjax.json?px=default&city=%E5%B9%BF%E5%B7%9E&needAddtionalResult=false&isSchoolJob=0
2018-02-04 16:43:16 Process5304:220 Process start
2018-02-04 16:43:16 Process5304:220 Process except
